1468863442.821626 client started (84691): socket /private/tmp/tmux-501/default, protocol 8
1468863442.821660 on Darwin 15.5.0 Darwin Kernel Version 15.5.0: Tue Apr 19 18:36:36 PDT 2016; root:xnu-3248.50.21~8/RELEASE_X86_64; libevent 2.0.22-stable (kqueue)
1468863442.821697 socket is /private/tmp/tmux-501/default
1468863442.821709 trying connect
1468863442.821779 add peer 0x7f814201de00: 5 (0x0)
1468863442.831108 sending message 100 to peer 0x7f814201de00 (4 bytes)
1468863442.831140 sending message 101 to peer 0x7f814201de00 (7 bytes)
1468863442.831146 sending message 102 to peer 0x7f814201de00 (13 bytes)
1468863442.831150 sending message 108 to peer 0x7f814201de00 (33 bytes)
1468863442.831164 sending message 104 to peer 0x7f814201de00 (0 bytes)
1468863442.831169 sending message 107 to peer 0x7f814201de00 (4 bytes)
1468863442.831173 sending message 105 to peer 0x7f814201de00 (76 bytes)
1468863442.831177 sending message 105 to peer 0x7f814201de00 (22 bytes)
1468863442.831181 sending message 105 to peer 0x7f814201de00 (75 bytes)
1468863442.831185 sending message 105 to peer 0x7f814201de00 (20 bytes)
1468863442.831189 sending message 105 to peer 0x7f814201de00 (22 bytes)
1468863442.831193 sending message 105 to peer 0x7f814201de00 (61 bytes)
1468863442.831197 sending message 105 to peer 0x7f814201de00 (15 bytes)
1468863442.831201 sending message 105 to peer 0x7f814201de00 (8 bytes)
1468863442.831205 sending message 105 to peer 0x7f814201de00 (16 bytes)
1468863442.831209 sending message 105 to peer 0x7f814201de00 (32 bytes)
1468863442.831212 sending message 105 to peer 0x7f814201de00 (16 bytes)
1468863442.831216 sending message 105 to peer 0x7f814201de00 (28 bytes)
1468863442.831220 sending message 105 to peer 0x7f814201de00 (42 bytes)
1468863442.831224 sending message 105 to peer 0x7f814201de00 (46 bytes)
1468863442.831228 sending message 105 to peer 0x7f814201de00 (27 bytes)
1468863442.831232 sending message 105 to peer 0x7f814201de00 (11 bytes)
1468863442.831235 sending message 105 to peer 0x7f814201de00 (393 bytes)
1468863442.831239 sending message 105 to peer 0x7f814201de00 (37 bytes)
1468863442.831243 sending message 105 to peer 0x7f814201de00 (16 bytes)
1468863442.831247 sending message 105 to peer 0x7f814201de00 (24 bytes)
1468863442.831251 sending message 105 to peer 0x7f814201de00 (15 bytes)
1468863442.831254 sending message 105 to peer 0x7f814201de00 (8 bytes)
1468863442.831258 sending message 105 to peer 0x7f814201de00 (66 bytes)
1468863442.831262 sending message 105 to peer 0x7f814201de00 (12 bytes)
1468863442.831265 sending message 105 to peer 0x7f814201de00 (23 bytes)
1468863442.831269 sending message 105 to peer 0x7f814201de00 (27 bytes)
1468863442.831273 sending message 105 to peer 0x7f814201de00 (60 bytes)
1468863442.831277 sending message 105 to peer 0x7f814201de00 (57 bytes)
1468863442.831280 sending message 105 to peer 0x7f814201de00 (43 bytes)
1468863442.831284 sending message 105 to peer 0x7f814201de00 (13 bytes)
1468863442.831288 sending message 105 to peer 0x7f814201de00 (13 bytes)
1468863442.831291 sending message 105 to peer 0x7f814201de00 (54 bytes)
1468863442.831295 sending message 105 to peer 0x7f814201de00 (44 bytes)
1468863442.831299 sending message 105 to peer 0x7f814201de00 (39 bytes)
1468863442.831303 sending message 105 to peer 0x7f814201de00 (14 bytes)
1468863442.831306 sending message 105 to peer 0x7f814201de00 (19 bytes)
1468863442.831310 sending message 105 to peer 0x7f814201de00 (30 bytes)
1468863442.831314 sending message 105 to peer 0x7f814201de00 (22 bytes)
1468863442.831317 sending message 105 to peer 0x7f814201de00 (38 bytes)
1468863442.831321 sending message 106 to peer 0x7f814201de00 (0 bytes)
1468863442.831687 sending message 200 to peer 0x7f814201de00 (4 bytes)
1468863442.831705 client loop enter
1468863442.834270 peer 0x7f814201de00 message 211
1468863442.834301 peer 0x7f814201de00 message 203
1468863442.834310 client loop exit
